  Manage.cpp
D:\CodeProject\StudentManagement\Manage.cpp(12,18): warning C4018: “<”: 有符号/无符号不匹配
D:\CodeProject\StudentManagement\Manage.cpp(66,17): warning C4018: “<”: 有符号/无符号不匹配
D:\CodeProject\StudentManagement\Manage.cpp(83,17): warning C4018: “<”: 有符号/无符号不匹配
D:\CodeProject\StudentManagement\Manage.cpp(115,18): warning C4018: “<”: 有符号/无符号不匹配
D:\CodeProject\StudentManagement\Manage.cpp(122,18): warning C4018: “<”: 有符号/无符号不匹配
D:\CodeProject\StudentManagement\Manage.cpp(129,18): warning C4018: “<”: 有符号/无符号不匹配
D:\CodeProject\StudentManagement\Manage.cpp(159,18): warning C4018: “<”: 有符号/无符号不匹配
D:\CodeProject\StudentManagement\Manage.cpp(166,18): warning C4018: “<”: 有符号/无符号不匹配
D:\CodeProject\StudentManagement\Manage.cpp(173,18): warning C4018: “<”: 有符号/无符号不匹配
D:\CodeProject\StudentManagement\Manage.cpp(180,18): warning C4018: “<”: 有符号/无符号不匹配
D:\CodeProject\StudentManagement\Manage.cpp(209,18): warning C4018: “<”: 有符号/无符号不匹配
D:\CodeProject\StudentManagement\Manage.cpp(213,18): warning C4018: “<”: 有符号/无符号不匹配
D:\CodeProject\StudentManagement\Manage.cpp(220,18): warning C4018: “<”: 有符号/无符号不匹配
D:\CodeProject\StudentManagement\Manage.cpp(224,18): warning C4018: “<”: 有符号/无符号不匹配
D:\CodeProject\StudentManagement\Manage.cpp(231,18): warning C4018: “<”: 有符号/无符号不匹配
D:\CodeProject\StudentManagement\Manage.cpp(235,18): warning C4018: “<”: 有符号/无符号不匹配
D:\CodeProject\StudentManagement\Manage.cpp(242,18): warning C4018: “<”: 有符号/无符号不匹配
D:\CodeProject\StudentManagement\Manage.cpp(246,18): warning C4018: “<”: 有符号/无符号不匹配
D:\CodeProject\StudentManagement\Manage.cpp(279,18): warning C4018: “<”: 有符号/无符号不匹配
D:\CodeProject\StudentManagement\Manage.cpp(288,18): warning C4018: “<”: 有符号/无符号不匹配
D:\CodeProject\StudentManagement\Manage.cpp(297,18): warning C4018: “<”: 有符号/无符号不匹配
D:\CodeProject\StudentManagement\Manage.cpp(315,9): warning C4101: “k”: 未引用的局部变量
D:\CodeProject\StudentManagement\Manage.cpp(315,6): warning C4101: “t”: 未引用的局部变量
D:\CodeProject\StudentManagement\Manage.cpp(354,16): warning C4018: “<”: 有符号/无符号不匹配
D:\CodeProject\StudentManagement\Manage.cpp(355,17): warning C4018: “<”: 有符号/无符号不匹配
D:\CodeProject\StudentManagement\Manage.cpp(365,16): warning C4018: “<”: 有符号/无符号不匹配
D:\CodeProject\StudentManagement\Manage.cpp(366,17): warning C4018: “<”: 有符号/无符号不匹配
D:\CodeProject\StudentManagement\Manage.cpp(374,16): warning C4018: “<”: 有符号/无符号不匹配
D:\CodeProject\StudentManagement\Manage.cpp(375,17): warning C4018: “<”: 有符号/无符号不匹配
D:\CodeProject\StudentManagement\Manage.cpp(383,16): warning C4018: “<”: 有符号/无符号不匹配
D:\CodeProject\StudentManagement\Manage.cpp(384,17): warning C4018: “<”: 有符号/无符号不匹配
D:\CodeProject\StudentManagement\Manage.cpp(392,16): warning C4018: “<”: 有符号/无符号不匹配
D:\CodeProject\StudentManagement\Manage.cpp(393,17): warning C4018: “<”: 有符号/无符号不匹配
D:\CodeProject\StudentManagement\Manage.cpp(466,16): warning C4018: “<”: 有符号/无符号不匹配
D:\CodeProject\StudentManagement\Manage.cpp(484,18): warning C4018: “<”: 有符号/无符号不匹配
D:\CodeProject\StudentManagement\Manage.cpp(503,16): warning C4018: “<”: 有符号/无符号不匹配
  StudentManagement.vcxproj -> D:\CodeProject\StudentManagement\Debug\StudentManagement.exe
